This is pdfTeX, Version 3.141592653-2.6-1.40.23 (MiKTeX 21.10) (preloaded format=pdflatex 2021.11.10)  11 JAN 2022 23:01
entering extended mode
**"./Vztrajnostni moment.tex"
(Vztrajnostni moment.tex
LaTeX2e <2021-06-01> patch level 1
L3 programming layer <2021-10-12>
(C:\Users\Jure Kos\AppData\Local\Programs\MiKTeX\tex/latex/base\report.cls
Document Class: report 2021/02/12 v1.4n Standard LaTeX document class
(C:\Users\Jure Kos\AppData\Local\Programs\MiKTeX\tex/latex/base\size10.clo
File: size10.clo 2021/02/12 v1.4n Standard LaTeX file (size option)
)
\c@part=\count182
\c@chapter=\count183
\c@section=\count184
\c@subsection=\count185
\c@subsubsection=\count186
\c@paragraph=\count187
\c@subparagraph=\count188
\c@figure=\count189
\c@table=\count190
\abovecaptionskip=\skip47
\belowcaptionskip=\skip48
\bibindent=\dimen138
)
(C:\Users\Jure Kos\AppData\Local\Programs\MiKTeX\tex/latex/amsmath\amsmath.sty
Package: amsmath 2021/04/20 v2.17j AMS math features
\@mathmargin=\skip49

For additional information on amsmath, use the `?' option.
(C:\Users\Jure Kos\AppData\Local\Programs\MiKTeX\tex/latex/amsmath\amstext.sty
Package: amstext 2000/06/29 v2.01 AMS text

(C:\Users\Jure Kos\AppData\Local\Programs\MiKTeX\tex/latex/amsmath\amsgen.sty
File: amsgen.sty 1999/11/30 v2.0 generic functions
\@emptytoks=\toks16
\ex@=\dimen139
)) (C:\Users\Jure Kos\AppData\Local\Programs\MiKTeX\tex/latex/amsmath\amsbsy.st
y
Package: amsbsy 1999/11/29 v1.2d Bold Symbols
\pmbraise@=\dimen140
) (C:\Users\Jure Kos\AppData\Local\Programs\MiKTeX\tex/latex/amsmath\amsopn.sty
Package: amsopn 2016/03/08 v2.02 operator names
)
\inf@bad=\count191
LaTeX Info: Redefining \frac on input line 234.
\uproot@=\count192
\leftroot@=\count193
LaTeX Info: Redefining \overline on input line 399.
\classnum@=\count194
\DOTSCASE@=\count195
LaTeX Info: Redefining \ldots on input line 496.
LaTeX Info: Redefining \dots on input line 499.
LaTeX Info: Redefining \cdots on input line 620.
\Mathstrutbox@=\box50
\strutbox@=\box51
\big@size=\dimen141
LaTeX Font Info:    Redeclaring font encoding OML on input line 743.
LaTeX Font Info:    Redeclaring font encoding OMS on input line 744.
\macc@depth=\count196
\c@MaxMatrixCols=\count197
\dotsspace@=\muskip16
\c@parentequation=\count198
\dspbrk@lvl=\count199
\tag@help=\toks17
\row@=\count266
\column@=\count267
\maxfields@=\count268
\andhelp@=\toks18
\eqnshift@=\dimen142
\alignsep@=\dimen143
\tagshift@=\dimen144
\tagwidth@=\dimen145
\totwidth@=\dimen146
\lineht@=\dimen147
\@envbody=\toks19
\multlinegap=\skip50
\multlinetaggap=\skip51
\mathdisplay@stack=\toks20
LaTeX Info: Redefining \[ on input line 2923.
LaTeX Info: Redefining \] on input line 2924.
)
(C:\Users\Jure Kos\AppData\Local\Programs\MiKTeX\tex/latex/graphics\graphicx.st
y
Package: graphicx 2020/12/05 v1.2c Enhanced LaTeX Graphics (DPC,SPQR)

(C:\Users\Jure Kos\AppData\Local\Programs\MiKTeX\tex/latex/graphics\keyval.sty
Package: keyval 2014/10/28 v1.15 key=value parser (DPC)
\KV@toks@=\toks21
)
(C:\Users\Jure Kos\AppData\Local\Programs\MiKTeX\tex/latex/graphics\graphics.st
y
Package: graphics 2021/03/04 v1.4d Standard LaTeX Graphics (DPC,SPQR)
 (C:\Users\Jure Kos\AppData\Local\Programs\MiKTeX\tex/latex/graphics\trig.sty
Package: trig 2016/01/03 v1.10 sin cos tan (DPC)
)
(C:\Users\Jure Kos\AppData\Local\Programs\MiKTeX\tex/latex/graphics-cfg\graphic
s.cfg
File: graphics.cfg 2016/06/04 v1.11 sample graphics configuration
)
Package graphics Info: Driver file: pdftex.def on input line 107.

(C:\Users\Jure Kos\AppData\Local\Programs\MiKTeX\tex/latex/graphics-def\pdftex.
def
File: pdftex.def 2020/10/05 v1.2a Graphics/color driver for pdftex
))
\Gin@req@height=\dimen148
\Gin@req@width=\dimen149
)
(C:\Users\Jure Kos\AppData\Local\Programs\MiKTeX\tex/latex/l3backend\l3backend-
pdftex.def
File: l3backend-pdftex.def 2021-10-12 L3 backend support: PDF output (pdfTeX)
\l__color_backend_stack_int=\count269
\l__pdf_internal_box=\box52
) (Vztrajnostni moment.aux)
\openout1 = `"Vztrajnostni moment.aux"'.

LaTeX Font Info:    Checking defaults for OML/cmm/m/it on input line 11.
LaTeX Font Info:    ... okay on input line 11.
LaTeX Font Info:    Checking defaults for OMS/cmsy/m/n on input line 11.
LaTeX Font Info:    ... okay on input line 11.
LaTeX Font Info:    Checking defaults for OT1/cmr/m/n on input line 11.
LaTeX Font Info:    ... okay on input line 11.
LaTeX Font Info:    Checking defaults for T1/cmr/m/n on input line 11.
LaTeX Font Info:    ... okay on input line 11.
LaTeX Font Info:    Checking defaults for TS1/cmr/m/n on input line 11.
LaTeX Font Info:    ... okay on input line 11.
LaTeX Font Info:    Checking defaults for OMX/cmex/m/n on input line 11.
LaTeX Font Info:    ... okay on input line 11.
LaTeX Font Info:    Checking defaults for U/cmr/m/n on input line 11.
LaTeX Font Info:    ... okay on input line 11.

(C:\Users\Jure Kos\AppData\Local\Programs\MiKTeX\tex/context/base/mkii\supp-pdf
.mkii
[Loading MPS to PDF converter (version 2006.09.02).]
\scratchcounter=\count270
\scratchdimen=\dimen150
\scratchbox=\box53
\nofMPsegments=\count271
\nofMParguments=\count272
\everyMPshowfont=\toks22
\MPscratchCnt=\count273
\MPscratchDim=\dimen151
\MPnumerator=\count274
\makeMPintoPDFobject=\count275
\everyMPtoPDFconversion=\toks23
)
(C:\Users\Jure Kos\AppData\Local\Programs\MiKTeX\tex/latex/epstopdf-pkg\epstopd
f-base.sty
Package: epstopdf-base 2020-01-24 v2.11 Base part for package epstopdf
Package epstopdf-base Info: Redefining graphics rule for `.eps' on input line 4
85.

(C:\Users\Jure Kos\AppData\Local\Programs\MiKTeX\tex/latex/00miktex\epstopdf-sy
s.cfg
File: epstopdf-sys.cfg 2021/03/18 v2.0 Configuration of epstopdf for MiKTeX
)) [1

{C:/Users/Jure Kos/AppData/Local/MiKTeX/pdftex/config/pdftex.map}]
[1

]
Overfull \hbox (9.38034pt too wide) in paragraph at lines 52--60
\OT1/cmr/m/n/10 1. Pre-ver-iti, da je vrtenje, ki ga povzroca kon-stan-ten na-
vor, enakomerno pospeseno
 []

[2]
Underfull \hbox (badness 10000) in paragraph at lines 70--84

 []

[3

]
<./images//Tabela.png, id=24, 1440.13031pt x 197.98969pt>
File: ./images//Tabela.png Graphic file (type png)
<use ./images//Tabela.png>
Package pdftex.def Info: ./images//Tabela.png  used on input line 92.
(pdftex.def)             Requested size: 345.0pt x 47.42786pt.

Overfull \hbox (15.0pt too wide) in paragraph at lines 92--93
[][] 
 []

[4

 <./images//Tabela.png>]
<./images//Trenje.png, id=30, 2559.5625pt x 1308.89pt>
File: ./images//Trenje.png Graphic file (type png)
<use ./images//Trenje.png>
Package pdftex.def Info: ./images//Trenje.png  used on input line 98.
(pdftex.def)             Requested size: 345.0pt x 176.41292pt.

Underfull \hbox (badness 10000) in paragraph at lines 97--99

 []

<./images//50g.png, id=31, 2558.55875pt x 1306.8825pt>
File: ./images//50g.png Graphic file (type png)
<use ./images//50g.png>
Package pdftex.def Info: ./images//50g.png  used on input line 101.
(pdftex.def)             Requested size: 345.0pt x 176.2221pt.

Underfull \hbox (badness 10000) in paragraph at lines 100--102

 []

[5

 <./images//Trenje.png> <./images//50g.png>]
<./images//100g.png, id=37, 2559.5625pt x 1303.87125pt>
File: ./images//100g.png Graphic file (type png)
<use ./images//100g.png>
Package pdftex.def Info: ./images//100g.png  used on input line 105.
(pdftex.def)             Requested size: 345.0pt x 175.73648pt.

Underfull \hbox (badness 10000) in paragraph at lines 104--106

 []

<./images//Togo 50g.png, id=38, 2562.57375pt x 1304.875pt>
File: ./images//Togo 50g.png Graphic file (type png)
<use ./images//Togo 50g.png>
Package pdftex.def Info: ./images//Togo 50g.png  used on input line 108.
(pdftex.def)             Requested size: 345.0pt x 175.67267pt.

Underfull \hbox (badness 10000) in paragraph at lines 107--109

 []

<./images//Togo 100g.png, id=39, 2562.57375pt x 1304.875pt>
File: ./images//Togo 100g.png Graphic file (type png)
<use ./images//Togo 100g.png>
Package pdftex.def Info: ./images//Togo 100g.png  used on input line 111.
(pdftex.def)             Requested size: 345.0pt x 175.67267pt.

Underfull \hbox (badness 10000) in paragraph at lines 110--112

 []

[6 <./images//100g.png> <./images//Togo 50g.png> <./images//Togo 100g.png>]
<./images//Gibljivo 50g.png, id=47, 2561.57pt x 1306.8825pt>
File: ./images//Gibljivo 50g.png Graphic file (type png)
<use ./images//Gibljivo 50g.png>
Package pdftex.def Info: ./images//Gibljivo 50g.png  used on input line 114.
(pdftex.def)             Requested size: 345.0pt x 176.00275pt.

Underfull \hbox (badness 10000) in paragraph at lines 113--115

 []

<./images//Gibljivo 100g.png, id=48, 2562.57375pt x 1303.87125pt>
File: ./images//Gibljivo 100g.png Graphic file (type png)
<use ./images//Gibljivo 100g.png>
Package pdftex.def Info: ./images//Gibljivo 100g.png  used on input line 117.
(pdftex.def)             Requested size: 345.0pt x 175.53754pt.
[7 <./images//Gibljivo 50g.png> <./images//Gibljivo 100g.png>]
(Vztrajnostni moment.aux) ) 
Here is how much of TeX's memory you used:
 1975 strings out of 478927
 29421 string characters out of 2851076
 328764 words of memory out of 3000000
 19846 multiletter control sequences out of 15000+600000
 409150 words of font info for 47 fonts, out of 8000000 for 9000
 1141 hyphenation exceptions out of 8191
 57i,6n,66p,418b,183s stack positions out of 5000i,500n,10000p,200000b,80000s
<C:/Users/Jure Kos/AppData/Local/Programs/MiKTeX/fon
ts/type1/public/amsfonts/cm/cmbx12.pfb><C:/Users/Jure Kos/AppData/Local/Program
s/MiKTeX/fonts/type1/public/amsfonts/cm/cmex10.pfb><C:/Users/Jure Kos/AppData/L
ocal/Programs/MiKTeX/fonts/type1/public/amsfonts/cm/cmmi10.pfb><C:/Users/Jure K
os/AppData/Local/Programs/MiKTeX/fonts/type1/public/amsfonts/cm/cmmi7.pfb><C:/U
sers/Jure Kos/AppData/Local/Programs/MiKTeX/fonts/type1/public/amsfonts/cm/cmr1
0.pfb><C:/Users/Jure Kos/AppData/Local/Programs/MiKTeX/fonts/type1/public/amsfo
nts/cm/cmr12.pfb><C:/Users/Jure Kos/AppData/Local/Programs/MiKTeX/fonts/type1/p
ublic/amsfonts/cm/cmr17.pfb><C:/Users/Jure Kos/AppData/Local/Programs/MiKTeX/fo
nts/type1/public/amsfonts/cm/cmr7.pfb><C:/Users/Jure Kos/AppData/Local/Programs
/MiKTeX/fonts/type1/public/amsfonts/cm/cmsy10.pfb><C:/Users/Jure Kos/AppData/Lo
cal/Programs/MiKTeX/fonts/type1/public/amsfonts/cm/cmti10.pfb>
Output written on "Vztrajnostni moment.pdf" (8 pages, 636559 bytes).
PDF statistics:
 96 PDF objects out of 1000 (max. 8388607)
 0 named destinations out of 1000 (max. 500000)
 41 words of extra memory for PDF output out of 10000 (max. 10000000)

