This is pdfTeX, Version 3.141592653-2.6-1.40.23 (MiKTeX 21.8) (preloaded format=pdflatex 2021.11.22)  23 MAR 2022 16:13
entering extended mode
**"./Bernoullijeva enačba.tex"
(Bernoullijeva enačba.tex
LaTeX2e <2021-06-01> patch level 1
L3 programming layer <2021-08-27>
(C:\Users\Jure\AppData\Local\Programs\MiKTeX\tex/latex/base\report.cls
Document Class: report 2021/02/12 v1.4n Standard LaTeX document class
(C:\Users\Jure\AppData\Local\Programs\MiKTeX\tex/latex/base\size10.clo
File: size10.clo 2021/02/12 v1.4n Standard LaTeX file (size option)
)
\c@part=\count182
\c@chapter=\count183
\c@section=\count184
\c@subsection=\count185
\c@subsubsection=\count186
\c@paragraph=\count187
\c@subparagraph=\count188
\c@figure=\count189
\c@table=\count190
\abovecaptionskip=\skip47
\belowcaptionskip=\skip48
\bibindent=\dimen138
)
(C:\Users\Jure\AppData\Local\Programs\MiKTeX\tex/latex/graphics\graphicx.sty
Package: graphicx 2020/12/05 v1.2c Enhanced LaTeX Graphics (DPC,SPQR)

(C:\Users\Jure\AppData\Local\Programs\MiKTeX\tex/latex/graphics\keyval.sty
Package: keyval 2014/10/28 v1.15 key=value parser (DPC)
\KV@toks@=\toks16
)
(C:\Users\Jure\AppData\Local\Programs\MiKTeX\tex/latex/graphics\graphics.sty
Package: graphics 2021/03/04 v1.4d Standard LaTeX Graphics (DPC,SPQR)

(C:\Users\Jure\AppData\Local\Programs\MiKTeX\tex/latex/graphics\trig.sty
Package: trig 2016/01/03 v1.10 sin cos tan (DPC)
)
(C:\Users\Jure\AppData\Local\Programs\MiKTeX\tex/latex/graphics-cfg\graphics.cf
g
File: graphics.cfg 2016/06/04 v1.11 sample graphics configuration
)
Package graphics Info: Driver file: pdftex.def on input line 107.

(C:\Users\Jure\AppData\Local\Programs\MiKTeX\tex/latex/graphics-def\pdftex.def
File: pdftex.def 2020/10/05 v1.2a Graphics/color driver for pdftex
))
\Gin@req@height=\dimen139
\Gin@req@width=\dimen140
)
(C:\Users\Jure\AppData\Local\Programs\MiKTeX\tex/latex/l3backend\l3backend-pdft
ex.def
File: l3backend-pdftex.def 2021-08-04 L3 backend support: PDF output (pdfTeX)
\l__color_backend_stack_int=\count191
\l__pdf_internal_box=\box50
) (Bernoullijeva enačba.aux)
\openout1 = `"Bernoullijeva enačba.aux"'.

LaTeX Font Info:    Checking defaults for OML/cmm/m/it on input line 8.
LaTeX Font Info:    ... okay on input line 8.
LaTeX Font Info:    Checking defaults for OMS/cmsy/m/n on input line 8.
LaTeX Font Info:    ... okay on input line 8.
LaTeX Font Info:    Checking defaults for OT1/cmr/m/n on input line 8.
LaTeX Font Info:    ... okay on input line 8.
LaTeX Font Info:    Checking defaults for T1/cmr/m/n on input line 8.
LaTeX Font Info:    ... okay on input line 8.
LaTeX Font Info:    Checking defaults for TS1/cmr/m/n on input line 8.
LaTeX Font Info:    ... okay on input line 8.
LaTeX Font Info:    Checking defaults for OMX/cmex/m/n on input line 8.
LaTeX Font Info:    ... okay on input line 8.
LaTeX Font Info:    Checking defaults for U/cmr/m/n on input line 8.
LaTeX Font Info:    ... okay on input line 8.

(C:\Users\Jure\AppData\Local\Programs\MiKTeX\tex/context/base/mkii\supp-pdf.mki
i
[Loading MPS to PDF converter (version 2006.09.02).]
\scratchcounter=\count192
\scratchdimen=\dimen141
\scratchbox=\box51
\nofMPsegments=\count193
\nofMParguments=\count194
\everyMPshowfont=\toks17
\MPscratchCnt=\count195
\MPscratchDim=\dimen142
\MPnumerator=\count196
\makeMPintoPDFobject=\count197
\everyMPtoPDFconversion=\toks18
)
(C:\Users\Jure\AppData\Local\Programs\MiKTeX\tex/latex/epstopdf-pkg\epstopdf-ba
se.sty
Package: epstopdf-base 2020-01-24 v2.11 Base part for package epstopdf
Package epstopdf-base Info: Redefining graphics rule for `.eps' on input line 4
85.

(C:\Users\Jure\AppData\Local\Programs\MiKTeX\tex/latex/00miktex\epstopdf-sys.cf
g
File: epstopdf-sys.cfg 2021/03/18 v2.0 Configuration of epstopdf for MiKTeX
))
LaTeX Font Info:    External font `cmex10' loaded for size
(Font)              <12> on input line 10.
LaTeX Font Info:    External font `cmex10' loaded for size
(Font)              <8> on input line 10.
LaTeX Font Info:    External font `cmex10' loaded for size
(Font)              <6> on input line 10.
 [1

{C:/Users/Jure/AppData/Local/MiKTeX/pdftex/config/pdftex.map}]
LaTeX Font Info:    External font `cmex10' loaded for size
(Font)              <7> on input line 15.
LaTeX Font Info:    External font `cmex10' loaded for size
(Font)              <5> on input line 15.
 [1

]
[2]
Underfull \hbox (badness 10000) in paragraph at lines 47--50

 []

<./images//Skica.png, id=21, 258.9675pt x 304.88907pt>
File: ./images//Skica.png Graphic file (type png)
<use ./images//Skica.png>
Package pdftex.def Info: ./images//Skica.png  used on input line 53.
(pdftex.def)             Requested size: 227.62204pt x 267.99615pt.
[3

 <./images//Skica.png>] [4] [5

]
Underfull \hbox (badness 10000) in paragraph at lines 121--122

 []

<./images//Graf.png, id=34, 1416.04031pt x 949.29657pt>
File: ./images//Graf.png Graphic file (type png)
<use ./images//Graf.png>
Package pdftex.def Info: ./images//Graf.png  used on input line 123.
(pdftex.def)             Requested size: 345.0pt x 231.28328pt.

Overfull \hbox (15.0pt too wide) in paragraph at lines 123--124
[][] 
 []

[6

 <./images//Graf.png>] (Bernoullijeva enačba.aux) ) 
Here is how much of TeX's memory you used:
 1259 strings out of 478927
 19977 string characters out of 2853008
 325535 words of memory out of 3000000
 19153 multiletter control sequences out of 15000+600000
 407676 words of font info for 41 fonts, out of 8000000 for 9000
 1141 hyphenation exceptions out of 8191
 57i,7n,66p,1538b,233s stack positions out of 5000i,500n,10000p,200000b,80000s
<C:/Users/Jure/AppData/Loca
l/Programs/MiKTeX/fonts/type1/public/amsfonts/cm/cmbx12.pfb><C:/Users/Jure/AppD
ata/Local/Programs/MiKTeX/fonts/type1/public/amsfonts/cm/cmex10.pfb><C:/Users/J
ure/AppData/Local/Programs/MiKTeX/fonts/type1/public/amsfonts/cm/cmmi10.pfb><C:
/Users/Jure/AppData/Local/Programs/MiKTeX/fonts/type1/public/amsfonts/cm/cmmi7.
pfb><C:/Users/Jure/AppData/Local/Programs/MiKTeX/fonts/type1/public/amsfonts/cm
/cmr10.pfb><C:/Users/Jure/AppData/Local/Programs/MiKTeX/fonts/type1/public/amsf
onts/cm/cmr12.pfb><C:/Users/Jure/AppData/Local/Programs/MiKTeX/fonts/type1/publ
ic/amsfonts/cm/cmr17.pfb><C:/Users/Jure/AppData/Local/Programs/MiKTeX/fonts/typ
e1/public/amsfonts/cm/cmr5.pfb><C:/Users/Jure/AppData/Local/Programs/MiKTeX/fon
ts/type1/public/amsfonts/cm/cmr7.pfb><C:/Users/Jure/AppData/Local/Programs/MiKT
eX/fonts/type1/public/amsfonts/cm/cmsy10.pfb><C:/Users/Jure/AppData/Local/Progr
ams/MiKTeX/fonts/type1/public/amsfonts/cm/cmsy7.pfb>
Output written on "Bernoullijeva enačba.pdf" (7 pages, 177167 bytes).
PDF statistics:
 86 PDF objects out of 1000 (max. 8388607)
 0 named destinations out of 1000 (max. 500000)
 11 words of extra memory for PDF output out of 10000 (max. 10000000)

