This is pdfTeX, Version 3.141592653-2.6-1.40.23 (MiKTeX 21.10) (preloaded format=pdflatex 2021.11.10)  11 MAY 2022 03:53
entering extended mode
**"./43. Vsiljeno nihanje nih. kroga.tex"
(43. Vsiljeno nihanje nih. kroga.tex
LaTeX2e <2021-06-01> patch level 1
L3 programming layer <2021-10-12>
(C:\Users\Jure Kos\AppData\Local\Programs\MiKTeX\tex/latex/base\report.cls
Document Class: report 2021/02/12 v1.4n Standard LaTeX document class
(C:\Users\Jure Kos\AppData\Local\Programs\MiKTeX\tex/latex/base\size10.clo
File: size10.clo 2021/02/12 v1.4n Standard LaTeX file (size option)
)
\c@part=\count182
\c@chapter=\count183
\c@section=\count184
\c@subsection=\count185
\c@subsubsection=\count186
\c@paragraph=\count187
\c@subparagraph=\count188
\c@figure=\count189
\c@table=\count190
\abovecaptionskip=\skip47
\belowcaptionskip=\skip48
\bibindent=\dimen138
)
(C:\Users\Jure Kos\AppData\Local\Programs\MiKTeX\tex/latex/graphics\graphicx.st
y
Package: graphicx 2020/12/05 v1.2c Enhanced LaTeX Graphics (DPC,SPQR)

(C:\Users\Jure Kos\AppData\Local\Programs\MiKTeX\tex/latex/graphics\keyval.sty
Package: keyval 2014/10/28 v1.15 key=value parser (DPC)
\KV@toks@=\toks16
)
(C:\Users\Jure Kos\AppData\Local\Programs\MiKTeX\tex/latex/graphics\graphics.st
y
Package: graphics 2021/03/04 v1.4d Standard LaTeX Graphics (DPC,SPQR)
 (C:\Users\Jure Kos\AppData\Local\Programs\MiKTeX\tex/latex/graphics\trig.sty
Package: trig 2016/01/03 v1.10 sin cos tan (DPC)
)
(C:\Users\Jure Kos\AppData\Local\Programs\MiKTeX\tex/latex/graphics-cfg\graphic
s.cfg
File: graphics.cfg 2016/06/04 v1.11 sample graphics configuration
)
Package graphics Info: Driver file: pdftex.def on input line 107.

(C:\Users\Jure Kos\AppData\Local\Programs\MiKTeX\tex/latex/graphics-def\pdftex.
def
File: pdftex.def 2020/10/05 v1.2a Graphics/color driver for pdftex
))
\Gin@req@height=\dimen139
\Gin@req@width=\dimen140
)
(C:\Users\Jure Kos\AppData\Local\Programs\MiKTeX\tex/latex/l3backend\l3backend-
pdftex.def
File: l3backend-pdftex.def 2021-10-12 L3 backend support: PDF output (pdfTeX)
\l__color_backend_stack_int=\count191
\l__pdf_internal_box=\box50
) (43. Vsiljeno nihanje nih. kroga.aux

LaTeX Warning: Label `fig:galaxy' multiply defined.


LaTeX Warning: Label `fig:galaxy' multiply defined.


LaTeX Warning: Label `fig:galaxy' multiply defined.


LaTeX Warning: Label `fig:galaxy' multiply defined.


LaTeX Warning: Label `fig:galaxy' multiply defined.


LaTeX Warning: Label `fig:galaxy' multiply defined.


LaTeX Warning: Label `fig:galaxy' multiply defined.

)
\openout1 = `"43. Vsiljeno nihanje nih. kroga.aux"'.

LaTeX Font Info:    Checking defaults for OML/cmm/m/it on input line 8.
LaTeX Font Info:    ... okay on input line 8.
LaTeX Font Info:    Checking defaults for OMS/cmsy/m/n on input line 8.
LaTeX Font Info:    ... okay on input line 8.
LaTeX Font Info:    Checking defaults for OT1/cmr/m/n on input line 8.
LaTeX Font Info:    ... okay on input line 8.
LaTeX Font Info:    Checking defaults for T1/cmr/m/n on input line 8.
LaTeX Font Info:    ... okay on input line 8.
LaTeX Font Info:    Checking defaults for TS1/cmr/m/n on input line 8.
LaTeX Font Info:    ... okay on input line 8.
LaTeX Font Info:    Checking defaults for OMX/cmex/m/n on input line 8.
LaTeX Font Info:    ... okay on input line 8.
LaTeX Font Info:    Checking defaults for U/cmr/m/n on input line 8.
LaTeX Font Info:    ... okay on input line 8.

(C:\Users\Jure Kos\AppData\Local\Programs\MiKTeX\tex/context/base/mkii\supp-pdf
.mkii
[Loading MPS to PDF converter (version 2006.09.02).]
\scratchcounter=\count192
\scratchdimen=\dimen141
\scratchbox=\box51
\nofMPsegments=\count193
\nofMParguments=\count194
\everyMPshowfont=\toks17
\MPscratchCnt=\count195
\MPscratchDim=\dimen142
\MPnumerator=\count196
\makeMPintoPDFobject=\count197
\everyMPtoPDFconversion=\toks18
)
(C:\Users\Jure Kos\AppData\Local\Programs\MiKTeX\tex/latex/epstopdf-pkg\epstopd
f-base.sty
Package: epstopdf-base 2020-01-24 v2.11 Base part for package epstopdf
Package epstopdf-base Info: Redefining graphics rule for `.eps' on input line 4
85.

(C:\Users\Jure Kos\AppData\Local\Programs\MiKTeX\tex/latex/00miktex\epstopdf-sy
s.cfg
File: epstopdf-sys.cfg 2021/03/18 v2.0 Configuration of epstopdf for MiKTeX
))
LaTeX Font Info:    External font `cmex10' loaded for size
(Font)              <12> on input line 10.
LaTeX Font Info:    External font `cmex10' loaded for size
(Font)              <8> on input line 10.
LaTeX Font Info:    External font `cmex10' loaded for size
(Font)              <6> on input line 10.
 [1

{C:/Users/Jure Kos/AppData/Local/MiKTeX/pdftex/config/pdftex.map}]
Underfull \hbox (badness 10000) in paragraph at lines 13--14

 []


Overfull \hbox (10.08412pt too wide) in paragraph at lines 15--16
[]\OT1/cmr/m/n/10 Nihanje ni-ha-jnega kroga (podobno kakor pri mehanicnem ni-h
alu) po dolocenem
 []

[1

]
LaTeX Font Info:    External font `cmex10' loaded for size
(Font)              <7> on input line 23.
LaTeX Font Info:    External font `cmex10' loaded for size
(Font)              <5> on input line 23.
 [2

] [3

] [4]
<./images//R = 0.png, id=22, 362.007pt x 217.467pt>
File: ./images//R = 0.png Graphic file (type png)
<use ./images//R = 0.png>
Package pdftex.def Info: ./images//R = 0.png  used on input line 147.
(pdftex.def)             Requested size: 345.0pt x 207.25279pt.
<./images//R = 5.png, id=23, 362.007pt x 217.467pt>
File: ./images//R = 5.png Graphic file (type png)
<use ./images//R = 5.png>
Package pdftex.def Info: ./images//R = 5.png  used on input line 154.
(pdftex.def)             Requested size: 345.0pt x 207.25279pt.
<./images//R = 10.png, id=24, 362.007pt x 217.467pt>
File: ./images//R = 10.png Graphic file (type png)
<use ./images//R = 10.png>
Package pdftex.def Info: ./images//R = 10.png  used on input line 161.
(pdftex.def)             Requested size: 345.0pt x 207.25279pt.
<./images//R = 20.png, id=25, 362.007pt x 217.467pt>
File: ./images//R = 20.png Graphic file (type png)
<use ./images//R = 20.png>
Package pdftex.def Info: ./images//R = 20.png  used on input line 168.
(pdftex.def)             Requested size: 345.0pt x 207.25279pt.
<./images//vse.png, id=26, 608.82pt x 427.488pt>
File: ./images//vse.png Graphic file (type png)
<use ./images//vse.png>
Package pdftex.def Info: ./images//vse.png  used on input line 175.
(pdftex.def)             Requested size: 345.0pt x 242.24217pt.
<./images//Lisajeva elipsa1.png, id=28, 2118.91624pt x 1774.63pt>
File: ./images//Lisajeva elipsa1.png Graphic file (type png)
<use ./images//Lisajeva elipsa1.png>
Package pdftex.def Info: ./images//Lisajeva elipsa1.png  used on input line 182
.
(pdftex.def)             Requested size: 345.0pt x 288.92908pt.
<./images//Lisajeva elipsa2.png, id=29, 2270.4825pt x 1991.44pt>
File: ./images//Lisajeva elipsa2.png Graphic file (type png)
<use ./images//Lisajeva elipsa2.png>
Package pdftex.def Info: ./images//Lisajeva elipsa2.png  used on input line 183
.
(pdftex.def)             Requested size: 345.0pt x 302.59264pt.


LaTeX Warning: Float too large for page by 19.97012pt on input line 186.

<./images//Lisajeva krog.png, id=30, 2138.99126pt x 1737.49126pt>
File: ./images//Lisajeva krog.png Graphic file (type png)
<use ./images//Lisajeva krog.png>
Package pdftex.def Info: ./images//Lisajeva krog.png  used on input line 190.
(pdftex.def)             Requested size: 345.0pt x 280.23128pt.
<./images//Lisajeva skor premica1.png, id=31, 1963.335pt x 1868.9825pt>
File: ./images//Lisajeva skor premica1.png Graphic file (type png)
<use ./images//Lisajeva skor premica1.png>
Package pdftex.def Info: ./images//Lisajeva skor premica1.png  used on input li
ne 197.
(pdftex.def)             Requested size: 345.0pt x 328.4172pt.
<./images//Lisajeva skor premica2.png, id=32, 2245.38875pt x 1627.07875pt>
File: ./images//Lisajeva skor premica2.png Graphic file (type png)
<use ./images//Lisajeva skor premica2.png>
Package pdftex.def Info: ./images//Lisajeva skor premica2.png  used on input li
ne 198.
(pdftex.def)             Requested size: 345.0pt x 249.98497pt.

LaTeX Warning: Float too large for page by 5.34662pt on input line 201.

[5

 <./images//R = 0.png>] [6 <./images//R = 5.png> <./images//R = 10.png>]
[7 <./images//R = 20.png> <./images//vse.png>] [8 <./images//Lisajeva elipsa1.p
ng> <./images//Lisajeva elipsa2.png>] [9 <./images//Lisajeva krog.png>]
[10 <./images//Lisajeva skor premica1.png> <./images//Lisajeva skor premica2.pn
g>] (43. Vsiljeno nihanje nih. kroga.aux)

LaTeX Warning: There were multiply-defined labels.

 ) 
Here is how much of TeX's memory you used:
 1317 strings out of 478927
 22151 string characters out of 2851076
 322624 words of memory out of 3000000
 19202 multiletter control sequences out of 15000+600000
 407676 words of font info for 41 fonts, out of 8000000 for 9000
 1141 hyphenation exceptions out of 8191
 57i,6n,66p,605b,227s stack positions out of 5000i,500n,10000p,200000b,80000s
<C:/Users/Jure Kos/AppData/Local/Programs/MiKTeX/fonts/type1/public/amsfonts/
cm/cmbx12.pfb><C:/Users/Jure Kos/AppData/Local/Programs/MiKTeX/fonts/type1/publ
ic/amsfonts/cm/cmmi10.pfb><C:/Users/Jure Kos/AppData/Local/Programs/MiKTeX/font
s/type1/public/amsfonts/cm/cmmi7.pfb><C:/Users/Jure Kos/AppData/Local/Programs/
MiKTeX/fonts/type1/public/amsfonts/cm/cmr10.pfb><C:/Users/Jure Kos/AppData/Loca
l/Programs/MiKTeX/fonts/type1/public/amsfonts/cm/cmr12.pfb><C:/Users/Jure Kos/A
ppData/Local/Programs/MiKTeX/fonts/type1/public/amsfonts/cm/cmr17.pfb><C:/Users
/Jure Kos/AppData/Local/Programs/MiKTeX/fonts/type1/public/amsfonts/cm/cmr7.pfb
><C:/Users/Jure Kos/AppData/Local/Programs/MiKTeX/fonts/type1/public/amsfonts/c
m/cmsy10.pfb><C:/Users/Jure Kos/AppData/Local/Programs/MiKTeX/fonts/type1/publi
c/amsfonts/cm/cmsy7.pfb>
Output written on "43. Vsiljeno nihanje nih. kroga.pdf" (11 pages, 5529814 byte
s).
PDF statistics:
 99 PDF objects out of 1000 (max. 8388607)
 0 named destinations out of 1000 (max. 500000)
 51 words of extra memory for PDF output out of 10000 (max. 10000000)

