This is pdfTeX, Version 3.141592653-2.6-1.40.23 (MiKTeX 21.10) (preloaded format=pdflatex 2021.11.10)  4 MAY 2022 00:40
entering extended mode
**"./68. Fotoefekt.tex"
(68. Fotoefekt.tex
LaTeX2e <2021-06-01> patch level 1
L3 programming layer <2021-10-12>
(C:\Users\Jure Kos\AppData\Local\Programs\MiKTeX\tex/latex/base\report.cls
Document Class: report 2021/02/12 v1.4n Standard LaTeX document class
(C:\Users\Jure Kos\AppData\Local\Programs\MiKTeX\tex/latex/base\size10.clo
File: size10.clo 2021/02/12 v1.4n Standard LaTeX file (size option)
)
\c@part=\count182
\c@chapter=\count183
\c@section=\count184
\c@subsection=\count185
\c@subsubsection=\count186
\c@paragraph=\count187
\c@subparagraph=\count188
\c@figure=\count189
\c@table=\count190
\abovecaptionskip=\skip47
\belowcaptionskip=\skip48
\bibindent=\dimen138
)
(C:\Users\Jure Kos\AppData\Local\Programs\MiKTeX\tex/latex/graphics\graphicx.st
y
Package: graphicx 2020/12/05 v1.2c Enhanced LaTeX Graphics (DPC,SPQR)

(C:\Users\Jure Kos\AppData\Local\Programs\MiKTeX\tex/latex/graphics\keyval.sty
Package: keyval 2014/10/28 v1.15 key=value parser (DPC)
\KV@toks@=\toks16
)
(C:\Users\Jure Kos\AppData\Local\Programs\MiKTeX\tex/latex/graphics\graphics.st
y
Package: graphics 2021/03/04 v1.4d Standard LaTeX Graphics (DPC,SPQR)
 (C:\Users\Jure Kos\AppData\Local\Programs\MiKTeX\tex/latex/graphics\trig.sty
Package: trig 2016/01/03 v1.10 sin cos tan (DPC)
)
(C:\Users\Jure Kos\AppData\Local\Programs\MiKTeX\tex/latex/graphics-cfg\graphic
s.cfg
File: graphics.cfg 2016/06/04 v1.11 sample graphics configuration
)
Package graphics Info: Driver file: pdftex.def on input line 107.

(C:\Users\Jure Kos\AppData\Local\Programs\MiKTeX\tex/latex/graphics-def\pdftex.
def
File: pdftex.def 2020/10/05 v1.2a Graphics/color driver for pdftex
))
\Gin@req@height=\dimen139
\Gin@req@width=\dimen140
)
(C:\Users\Jure Kos\AppData\Local\Programs\MiKTeX\tex/latex/l3backend\l3backend-
pdftex.def
File: l3backend-pdftex.def 2021-10-12 L3 backend support: PDF output (pdfTeX)
\l__color_backend_stack_int=\count191
\l__pdf_internal_box=\box50
) (68. Fotoefekt.aux)
\openout1 = `"68. Fotoefekt.aux"'.

LaTeX Font Info:    Checking defaults for OML/cmm/m/it on input line 8.
LaTeX Font Info:    ... okay on input line 8.
LaTeX Font Info:    Checking defaults for OMS/cmsy/m/n on input line 8.
LaTeX Font Info:    ... okay on input line 8.
LaTeX Font Info:    Checking defaults for OT1/cmr/m/n on input line 8.
LaTeX Font Info:    ... okay on input line 8.
LaTeX Font Info:    Checking defaults for T1/cmr/m/n on input line 8.
LaTeX Font Info:    ... okay on input line 8.
LaTeX Font Info:    Checking defaults for TS1/cmr/m/n on input line 8.
LaTeX Font Info:    ... okay on input line 8.
LaTeX Font Info:    Checking defaults for OMX/cmex/m/n on input line 8.
LaTeX Font Info:    ... okay on input line 8.
LaTeX Font Info:    Checking defaults for U/cmr/m/n on input line 8.
LaTeX Font Info:    ... okay on input line 8.

(C:\Users\Jure Kos\AppData\Local\Programs\MiKTeX\tex/context/base/mkii\supp-pdf
.mkii
[Loading MPS to PDF converter (version 2006.09.02).]
\scratchcounter=\count192
\scratchdimen=\dimen141
\scratchbox=\box51
\nofMPsegments=\count193
\nofMParguments=\count194
\everyMPshowfont=\toks17
\MPscratchCnt=\count195
\MPscratchDim=\dimen142
\MPnumerator=\count196
\makeMPintoPDFobject=\count197
\everyMPtoPDFconversion=\toks18
)
(C:\Users\Jure Kos\AppData\Local\Programs\MiKTeX\tex/latex/epstopdf-pkg\epstopd
f-base.sty
Package: epstopdf-base 2020-01-24 v2.11 Base part for package epstopdf
Package epstopdf-base Info: Redefining graphics rule for `.eps' on input line 4
85.

(C:\Users\Jure Kos\AppData\Local\Programs\MiKTeX\tex/latex/00miktex\epstopdf-sy
s.cfg
File: epstopdf-sys.cfg 2021/03/18 v2.0 Configuration of epstopdf for MiKTeX
))
LaTeX Font Info:    External font `cmex10' loaded for size
(Font)              <12> on input line 10.
LaTeX Font Info:    External font `cmex10' loaded for size
(Font)              <8> on input line 10.
LaTeX Font Info:    External font `cmex10' loaded for size
(Font)              <6> on input line 10.
 [1

{C:/Users/Jure Kos/AppData/Local/MiKTeX/pdftex/config/pdftex.map}]
LaTeX Font Info:    External font `cmex10' loaded for size
(Font)              <7> on input line 21.
LaTeX Font Info:    External font `cmex10' loaded for size
(Font)              <5> on input line 21.

Overfull \hbox (9.69522pt too wide) in paragraph at lines 13--23
\OT1/cmr/m/n/10 Fotoefekt je po-jav, pri katerem ob-se-vanje z elek-tro-mag-net
-nim val-o-van-jem povzroca
 []

[1

] [2

]
Underfull \hbox (badness 10000) in paragraph at lines 65--66

 []


Underfull \hbox (badness 10000) in paragraph at lines 89--90

 []

[3

]
Underfull \hbox (badness 10000) in paragraph at lines 113--114

 []


Underfull \hbox (badness 10000) in paragraph at lines 133--134

 []


Underfull \hbox (badness 10000) in paragraph at lines 153--154

 []

[4]
<./images//energija in frekvenca graf 1.png, id=24, 362.007pt x 220.752pt>
File: ./images//energija in frekvenca graf 1.png Graphic file (type png)
<use ./images//energija in frekvenca graf 1.png>
Package pdftex.def Info: ./images//energija in frekvenca graf 1.png  used on in
put line 178.
(pdftex.def)             Requested size: 345.0pt x 210.38351pt.
<./images//energija in frekvenca graf 2.png, id=26, 362.007pt x 210.24pt>
File: ./images//energija in frekvenca graf 2.png Graphic file (type png)
<use ./images//energija in frekvenca graf 2.png>
Package pdftex.def Info: ./images//energija in frekvenca graf 2.png  used on in
put line 185.
(pdftex.def)             Requested size: 345.0pt x 200.36525pt.
<./images//energija in frekvenca graf 3.png, id=27, 361.569pt x 210.897pt>
File: ./images//energija in frekvenca graf 3.png Graphic file (type png)
<use ./images//energija in frekvenca graf 3.png>
Package pdftex.def Info: ./images//energija in frekvenca graf 3.png  used on in
put line 192.
(pdftex.def)             Requested size: 345.0pt x 201.23274pt.
<./images//energija in frekvenca graf 4.png, id=28, 362.007pt x 210.678pt>
File: ./images//energija in frekvenca graf 4.png Graphic file (type png)
<use ./images//energija in frekvenca graf 4.png>
Package pdftex.def Info: ./images//energija in frekvenca graf 4.png  used on in
put line 199.
(pdftex.def)             Requested size: 345.0pt x 200.78265pt.
<./images//energija in frekvenca graf 5.png, id=29, 362.007pt x 210.678pt>
File: ./images//energija in frekvenca graf 5.png Graphic file (type png)
<use ./images//energija in frekvenca graf 5.png>
Package pdftex.def Info: ./images//energija in frekvenca graf 5.png  used on in
put line 206.
(pdftex.def)             Requested size: 345.0pt x 200.78265pt.
 [5

 <./images//energija in frekvenca graf 1.png>] [6 <./images//energija in frekve
nca graf 2.png> <./images//energija in frekvenca graf 3.png>] [7 <./images//ene
rgija in frekvenca graf 4.png> <./images//energija in frekvenca graf 5.png>]
Underfull \hbox (badness 10000) in paragraph at lines 212--214

 []

<./images//energija in frekvenca graf.png, id=45, 363.54pt x 217.467pt>
File: ./images//energija in frekvenca graf.png Graphic file (type png)
<use ./images//energija in frekvenca graf.png>
Package pdftex.def Info: ./images//energija in frekvenca graf.png  used on inpu
t line 232.
(pdftex.def)             Requested size: 426.79134pt x 255.30804pt.

Overfull \hbox (81.79134pt too wide) in paragraph at lines 232--233
 [][] 
 []

[8

 <./images//energija in frekvenca graf.png>]
Underfull \hbox (badness 10000) in paragraph at lines 243--245

 []

[9] (68. Fotoefekt.aux) ) 
Here is how much of TeX's memory you used:
 1285 strings out of 478927
 21695 string characters out of 2851076
 320524 words of memory out of 3000000
 19174 multiletter control sequences out of 15000+600000
 407676 words of font info for 41 fonts, out of 8000000 for 9000
 1141 hyphenation exceptions out of 8191
 57i,7n,66p,222b,231s stack positions out of 5000i,500n,10000p,200000b,80000s
<C:/Users/Jure Kos/AppData/Local/Programs/MiKTeX/fonts
/type1/public/amsfonts/cm/cmbx12.pfb><C:/Users/Jure Kos/AppData/Local/Programs/
MiKTeX/fonts/type1/public/amsfonts/cm/cmmi10.pfb><C:/Users/Jure Kos/AppData/Loc
al/Programs/MiKTeX/fonts/type1/public/amsfonts/cm/cmmi7.pfb><C:/Users/Jure Kos/
AppData/Local/Programs/MiKTeX/fonts/type1/public/amsfonts/cm/cmr10.pfb><C:/User
s/Jure Kos/AppData/Local/Programs/MiKTeX/fonts/type1/public/amsfonts/cm/cmr12.p
fb><C:/Users/Jure Kos/AppData/Local/Programs/MiKTeX/fonts/type1/public/amsfonts
/cm/cmr17.pfb><C:/Users/Jure Kos/AppData/Local/Programs/MiKTeX/fonts/type1/publ
ic/amsfonts/cm/cmr7.pfb><C:/Users/Jure Kos/AppData/Local/Programs/MiKTeX/fonts/
type1/public/amsfonts/cm/cmsy10.pfb><C:/Users/Jure Kos/AppData/Local/Programs/M
iKTeX/fonts/type1/public/amsfonts/cm/cmsy7.pfb>
Output written on "68. Fotoefekt.pdf" (10 pages, 373076 bytes).
PDF statistics:
 93 PDF objects out of 1000 (max. 8388607)
 0 named destinations out of 1000 (max. 500000)
 31 words of extra memory for PDF output out of 10000 (max. 10000000)

